<?xml version="1.0" encoding="UTF-8"?>
<testsuite name="br.com.lcano.centraldecontrole.domain.DespesaTest" tests="4" skipped="0" failures="0" errors="0" timestamp="2024-05-19T18:38:42" hostname="canolab" time="0.005">
  <properties/>
  <testcase name="testConstrutorComParametros()" classname="br.com.lcano.centraldecontrole.domain.DespesaTest" time="0.001"/>
  <testcase name="testToString()" classname="br.com.lcano.centraldecontrole.domain.DespesaTest" time="0.0"/>
  <testcase name="testEqualsAndHashCode()" classname="br.com.lcano.centraldecontrole.domain.DespesaTest" time="0.001"/>
  <testcase name="testConstrutorVazio()" classname="br.com.lcano.centraldecontrole.domain.DespesaTest" time="0.001"/>
  <system-out><![CDATA[]]></system-out>
  <system-err><![CDATA[]]></system-err>
</testsuite>
