<?xml version="1.0" encoding="UTF-8"?>
<testsuite name="br.com.lcano.centraldecontrole.domain.UsuarioConfigTest" tests="4" skipped="0" failures="0" errors="0" timestamp="2024-05-19T18:38:42" hostname="canolab" time="0.199">
  <properties/>
  <testcase name="testGettersAndSetters()" classname="br.com.lcano.centraldecontrole.domain.UsuarioConfigTest" time="0.184"/>
  <testcase name="testToString()" classname="br.com.lcano.centraldecontrole.domain.UsuarioConfigTest" time="0.003"/>
  <testcase name="testEqualsAndHashCode()" classname="br.com.lcano.centraldecontrole.domain.UsuarioConfigTest" time="0.002"/>
  <testcase name="testConstructor()" classname="br.com.lcano.centraldecontrole.domain.UsuarioConfigTest" time="0.001"/>
  <system-out><![CDATA[]]></system-out>
  <system-err><![CDATA[]]></system-err>
</testsuite>
