<?xml version="1.0" encoding="UTF-8"?>
<testsuite name="br.com.lcano.centraldecontrole.service.DespesaServiceTest" tests="12" skipped="0" failures="0" errors="0" timestamp="2024-05-19T18:38:44" hostname="canolab" time="0.1">
  <properties/>
  <testcase name="testGetCategoriaById_CategoriaExiste()" classname="br.com.lcano.centraldecontrole.service.DespesaServiceTest" time="0.005"/>
  <testcase name="testGetDespesaByIdWithParcelas_DespesaExiste()" classname="br.com.lcano.centraldecontrole.service.DespesaServiceTest" time="0.006"/>
  <testcase name="testGetDespesaById_DespesaExiste()" classname="br.com.lcano.centraldecontrole.service.DespesaServiceTest" time="0.005"/>
  <testcase name="testExcluirDespesa()" classname="br.com.lcano.centraldecontrole.service.DespesaServiceTest" time="0.006"/>
  <testcase name="testCriarDespesa()" classname="br.com.lcano.centraldecontrole.service.DespesaServiceTest" time="0.005"/>
  <testcase name="testGerarDespesa()" classname="br.com.lcano.centraldecontrole.service.DespesaServiceTest" time="0.007"/>
  <testcase name="testSalvarDespesa()" classname="br.com.lcano.centraldecontrole.service.DespesaServiceTest" time="0.006"/>
  <testcase name="testGetCategoriaById_CategoriaNaoExiste()" classname="br.com.lcano.centraldecontrole.service.DespesaServiceTest" time="0.006"/>
  <testcase name="testListarDespesaResumoMensalDTO()" classname="br.com.lcano.centraldecontrole.service.DespesaServiceTest" time="0.008"/>
  <testcase name="testGetDespesaByIdWithParcelas_DespesaNaoExiste()" classname="br.com.lcano.centraldecontrole.service.DespesaServiceTest" time="0.006"/>
  <testcase name="testGetDespesaById_DespesaNaoExiste()" classname="br.com.lcano.centraldecontrole.service.DespesaServiceTest" time="0.006"/>
  <testcase name="testEditarDespesa()" classname="br.com.lcano.centraldecontrole.service.DespesaServiceTest" time="0.007"/>
  <system-out><![CDATA[2024-05-19T15:38:44.060-03:00  INFO 10120 --- [    Test worker] t.c.s.AnnotationConfigContextLoaderUtils : Could not detect default configuration classes for test class [br.com.lcano.centraldecontrole.service.DespesaServiceTest]: DespesaServiceTest does not declare any static, non-private, non-final, nested classes annotated with @Configuration.
2024-05-19T15:38:44.062-03:00  INFO 10120 --- [    Test worker] .b.t.c.SpringBootTestContextBootstrapper : Found @SpringBootConfiguration br.com.lcano.centraldecontrole.CentralDeControleApplication for test class br.com.lcano.centraldecontrole.service.DespesaServiceTest
]]></system-out>
  <system-err><![CDATA[]]></system-err>
</testsuite>
