<?xml version="1.0" encoding="UTF-8"?>
<testsuite name="br.com.lcano.centraldecontrole.resource.UsuarioConfigResourceTest" tests="2" skipped="0" failures="0" errors="0" timestamp="2024-05-19T18:38:43" hostname="canolab" time="0.005">
  <properties/>
  <testcase name="testGetUsuarioConfigByUsuario()" classname="br.com.lcano.centraldecontrole.resource.UsuarioConfigResourceTest" time="0.002"/>
  <testcase name="testEditarUsuarioConfig()" classname="br.com.lcano.centraldecontrole.resource.UsuarioConfigResourceTest" time="0.001"/>
  <system-out><![CDATA[]]></system-out>
  <system-err><![CDATA[]]></system-err>
</testsuite>
