<?xml version="1.0" encoding="UTF-8"?>
<testsuite name="br.com.lcano.centraldecontrole.resource.CategoriaDespesaResourceTest" tests="1" skipped="0" failures="0" errors="0" timestamp="2024-05-19T18:38:43" hostname="canolab" time="0.009">
  <properties/>
  <testcase name="testGetTodasCategoriasDespesa()" classname="br.com.lcano.centraldecontrole.resource.CategoriaDespesaResourceTest" time="0.009"/>
  <system-out><![CDATA[2024-05-19T15:38:43.189-03:00  INFO 10120 --- [    Test worker] t.c.s.AnnotationConfigContextLoaderUtils : Could not detect default configuration classes for test class [br.com.lcano.centraldecontrole.resource.CategoriaDespesaResourceTest]: CategoriaDespesaResourceTest does not declare any static, non-private, non-final, nested classes annotated with @Configuration.
2024-05-19T15:38:43.191-03:00  INFO 10120 --- [    Test worker] .b.t.c.SpringBootTestContextBootstrapper : Found @SpringBootConfiguration br.com.lcano.centraldecontrole.CentralDeControleApplication for test class br.com.lcano.centraldecontrole.resource.CategoriaDespesaResourceTest
]]></system-out>
  <system-err><![CDATA[]]></system-err>
</testsuite>
