<?xml version="1.0" encoding="UTF-8"?>
<testsuite name="br.com.lcano.centraldecontrole.CentralDeControleApplicationTests" tests="1" skipped="0" failures="0" errors="0" timestamp="2024-05-19T18:38:41" hostname="canolab" time="0.565">
  <properties/>
  <testcase name="contextLoads()" classname="br.com.lcano.centraldecontrole.CentralDeControleApplicationTests" time="0.565"/>
  <system-out><![CDATA[15:38:37.628 [Test worker] INFO org.springframework.test.context.support.AnnotationConfigContextLoaderUtils -- Could not detect default configuration classes for test class [br.com.lcano.centraldecontrole.CentralDeControleApplicationTests]: CentralDeControleApplicationTests does not declare any static, non-private, non-final, nested classes annotated with @Configuration.
15:38:37.718 [Test worker] INFO org.springframework.boot.test.context.SpringBootTestContextBootstrapper -- Found @SpringBootConfiguration br.com.lcano.centraldecontrole.CentralDeControleApplication for test class br.com.lcano.centraldecontrole.CentralDeControleApplicationTests

  .   ____          _            __ _ _
 /\\ / ___'_ __ _ _(_)_ __  __ _ \ \ \ \
( ( )\___ | '_ | '_| | '_ \/ _` | \ \ \ \
 \\/  ___)| |_)| | | | | || (_| |  ) ) ) )
  '  |____| .__|_| |_|_| |_\__, | / / / /
 =========|_|==============|___/=/_/_/_/
 :: Spring Boot ::                (v3.2.2)

2024-05-19T15:38:38.044-03:00  INFO 10120 --- [    Test worker] .c.l.c.CentralDeControleApplicationTests : Starting CentralDeControleApplicationTests using Java 21.0.2 with PID 10120 (started by root in /media/lcano/_disksata/ProjetosGit/central-controle/server)
2024-05-19T15:38:38.045-03:00  INFO 10120 --- [    Test worker] .c.l.c.CentralDeControleApplicationTests : No active profile set, falling back to 1 default profile: "default"
2024-05-19T15:38:38.613-03:00  INFO 10120 --- [    Test worker] .s.d.r.c.RepositoryConfigurationDelegate : Bootstrapping Spring Data JPA repositories in DEFAULT mode.
2024-05-19T15:38:38.685-03:00  INFO 10120 --- [    Test worker] .s.d.r.c.RepositoryConfigurationDelegate : Finished Spring Data repository scanning in 65 ms. Found 6 JPA repository interfaces.
2024-05-19T15:38:39.128-03:00  INFO 10120 --- [    Test worker] com.zaxxer.hikari.HikariDataSource       : HikariPool-1 - Starting...
2024-05-19T15:38:39.253-03:00  INFO 10120 --- [    Test worker] com.zaxxer.hikari.pool.HikariPool        : HikariPool-1 - Added connection com.mysql.cj.jdbc.ConnectionImpl@7ddcb0dc
2024-05-19T15:38:39.254-03:00  INFO 10120 --- [    Test worker] com.zaxxer.hikari.HikariDataSource       : HikariPool-1 - Start completed.
2024-05-19T15:38:39.289-03:00  INFO 10120 --- [    Test worker] o.hibernate.jpa.internal.util.LogHelper  : HHH000204: Processing PersistenceUnitInfo [name: default]
2024-05-19T15:38:39.341-03:00  INFO 10120 --- [    Test worker] org.hibernate.Version                    : HHH000412: Hibernate ORM core version 6.4.1.Final
2024-05-19T15:38:39.381-03:00  INFO 10120 --- [    Test worker] o.h.c.internal.RegionFactoryInitiator    : HHH000026: Second-level cache disabled
2024-05-19T15:38:39.625-03:00  INFO 10120 --- [    Test worker] o.s.o.j.p.SpringPersistenceUnitInfo      : No LoadTimeWeaver setup: ignoring JPA class transformer
2024-05-19T15:38:39.690-03:00  WARN 10120 --- [    Test worker] org.hibernate.dialect.Dialect            : HHH000511: The 5.5.0 version for [org.hibernate.dialect.MySQLDialect] is no longer supported, hence certain features may not work properly. The minimum supported version is 8.0.0. Check the community dialects project for available legacy versions.
2024-05-19T15:38:40.407-03:00  INFO 10120 --- [    Test worker] o.h.e.t.j.p.i.JtaPlatformInitiator       : HHH000489: No JTA platform available (set 'hibernate.transaction.jta.platform' to enable JTA platform integration)
2024-05-19T15:38:40.409-03:00  INFO 10120 --- [    Test worker] j.LocalContainerEntityManagerFactoryBean : Initialized JPA EntityManagerFactory for persistence unit 'default'
2024-05-19T15:38:40.957-03:00  INFO 10120 --- [    Test worker] o.s.d.j.r.query.QueryEnhancerFactory     : Hibernate is in classpath; If applicable, HQL parser will be used.
2024-05-19T15:38:41.517-03:00  INFO 10120 --- [    Test worker] o.s.s.web.DefaultSecurityFilterChain     : Will secure any request with [org.springframework.security.web.session.DisableEncodeUrlFilter@28878a52, org.springframework.security.web.context.request.async.WebAsyncManagerIntegrationFilter@56554e7, org.springframework.security.web.context.SecurityContextHolderFilter@280d20fb, org.springframework.security.web.header.HeaderWriterFilter@25a2a71d, org.springframework.web.filter.CorsFilter@2f19ab6, org.springframework.security.web.authentication.logout.LogoutFilter@6ccf06f1, br.com.lcano.centraldecontrole.secutity.SecurityFilter@7359f3ac, org.springframework.security.web.savedrequest.RequestCacheAwareFilter@2048255a, org.springframework.security.web.servletapi.SecurityContextHolderAwareRequestFilter@7e00a43e, org.springframework.security.web.authentication.AnonymousAuthenticationFilter@305230ea, org.springframework.security.web.session.SessionManagementFilter@14738629, org.springframework.security.web.access.ExceptionTranslationFilter@56929ce, org.springframework.security.web.access.intercept.AuthorizationFilter@51fadd20]
2024-05-19T15:38:41.769-03:00  INFO 10120 --- [    Test worker] .c.l.c.CentralDeControleApplicationTests : Started CentralDeControleApplicationTests in 3.913 seconds (process running for 4.849)
]]></system-out>
  <system-err><![CDATA[WARNING: A Java agent has been loaded dynamically (/root/.gradle/caches/modules-2/files-2.1/net.bytebuddy/byte-buddy-agent/1.14.11/f9cb566608fbac6bc7bf54901a7aa11543a989ee/byte-buddy-agent-1.14.11.jar)
WARNING: If a serviceability tool is in use, please run with -XX:+EnableDynamicAgentLoading to hide this warning
WARNING: If a serviceability tool is not in use, please run with -Djdk.instrument.traceUsage for more information
WARNING: Dynamic loading of agents will be disallowed by default in a future release
]]></system-err>
</testsuite>
