<?xml version="1.0" encoding="UTF-8"?>
<testsuite name="br.com.lcano.centraldecontrole.resource.DespesaResourceTest" tests="5" skipped="0" failures="0" errors="0" timestamp="2024-05-19T18:38:43" hostname="canolab" time="0.17">
  <properties/>
  <testcase name="testExcluirDespesa()" classname="br.com.lcano.centraldecontrole.resource.DespesaResourceTest" time="0.099"/>
  <testcase name="testGerarDespesa()" classname="br.com.lcano.centraldecontrole.resource.DespesaResourceTest" time="0.002"/>
  <testcase name="testListarDespesaResumoMensalDTO()" classname="br.com.lcano.centraldecontrole.resource.DespesaResourceTest" time="0.059"/>
  <testcase name="testEditarDespesa()" classname="br.com.lcano.centraldecontrole.resource.DespesaResourceTest" time="0.002"/>
  <testcase name="testGetDespesaByIdWithParcelas()" classname="br.com.lcano.centraldecontrole.resource.DespesaResourceTest" time="0.002"/>
  <system-out><![CDATA[]]></system-out>
  <system-err><![CDATA[]]></system-err>
</testsuite>
