<?xml version="1.0" encoding="UTF-8"?>
<testsuite name="br.com.lcano.centraldecontrole.service.FormaPagamentoServiceTest" tests="3" skipped="0" failures="0" errors="0" timestamp="2024-05-19T18:38:44" hostname="canolab" time="0.009">
  <properties/>
  <testcase name="testGetFormaPagamentoById_NotFound()" classname="br.com.lcano.centraldecontrole.service.FormaPagamentoServiceTest" time="0.003"/>
  <testcase name="testGetFormaPagamentoById()" classname="br.com.lcano.centraldecontrole.service.FormaPagamentoServiceTest" time="0.002"/>
  <testcase name="testGetTodasFormaPagamento()" classname="br.com.lcano.centraldecontrole.service.FormaPagamentoServiceTest" time="0.002"/>
  <system-out><![CDATA[]]></system-out>
  <system-err><![CDATA[]]></system-err>
</testsuite>
