<?xml version="1.0" encoding="UTF-8"?>
<testsuite name="br.com.lcano.centraldecontrole.dto.DespesaResumoMensalDTOTest" tests="3" skipped="0" failures="0" errors="0" timestamp="2024-05-19T18:38:42" hostname="canolab" time="0.008">
  <properties/>
  <testcase name="testCalcularSituacao()" classname="br.com.lcano.centraldecontrole.dto.DespesaResumoMensalDTOTest" time="0.003"/>
  <testcase name="testConverterParaDTO()" classname="br.com.lcano.centraldecontrole.dto.DespesaResumoMensalDTOTest" time="0.002"/>
  <testcase name="testCalcularValorTotal()" classname="br.com.lcano.centraldecontrole.dto.DespesaResumoMensalDTOTest" time="0.001"/>
  <system-out><![CDATA[]]></system-out>
  <system-err><![CDATA[]]></system-err>
</testsuite>
