<?xml version="1.0" encoding="UTF-8"?>
<testsuite name="br.com.lcano.centraldecontrole.dto.UsuarioDTOTest" tests="5" skipped="0" failures="0" errors="0" timestamp="2024-05-19T18:38:42" hostname="canolab" time="0.009">
  <properties/>
  <testcase name="testNoArgsConstructor()" classname="br.com.lcano.centraldecontrole.dto.UsuarioDTOTest" time="0.001"/>
  <testcase name="testConstructorAndGetters()" classname="br.com.lcano.centraldecontrole.dto.UsuarioDTOTest" time="0.001"/>
  <testcase name="testBuilder()" classname="br.com.lcano.centraldecontrole.dto.UsuarioDTOTest" time="0.001"/>
  <testcase name="testAllArgsConstructor()" classname="br.com.lcano.centraldecontrole.dto.UsuarioDTOTest" time="0.001"/>
  <testcase name="testOverloadedConstructor()" classname="br.com.lcano.centraldecontrole.dto.UsuarioDTOTest" time="0.001"/>
  <system-out><![CDATA[]]></system-out>
  <system-err><![CDATA[]]></system-err>
</testsuite>
