<?xml version="1.0" encoding="UTF-8"?>
<testsuite name="br.com.lcano.centraldecontrole.domain.FormaPagamentoTest" tests="3" skipped="0" failures="0" errors="0" timestamp="2024-05-19T18:38:42" hostname="canolab" time="0.002">
  <properties/>
  <testcase name="testConstrutorComDescricao()" classname="br.com.lcano.centraldecontrole.domain.FormaPagamentoTest" time="0.001"/>
  <testcase name="testConstrutorVazio()" classname="br.com.lcano.centraldecontrole.domain.FormaPagamentoTest" time="0.001"/>
  <testcase name="testAnnotationTable()" classname="br.com.lcano.centraldecontrole.domain.FormaPagamentoTest" time="0.0"/>
  <system-out><![CDATA[]]></system-out>
  <system-err><![CDATA[]]></system-err>
</testsuite>
