<?xml version="1.0" encoding="UTF-8"?>
<testsuite name="br.com.lcano.centraldecontrole.dto.UsuarioConfigDTOTest" tests="1" skipped="0" failures="0" errors="0" timestamp="2024-05-19T18:38:42" hostname="canolab" time="0.002">
  <properties/>
  <testcase name="testConverterParaDTO()" classname="br.com.lcano.centraldecontrole.dto.UsuarioConfigDTOTest" time="0.002"/>
  <system-out><![CDATA[]]></system-out>
  <system-err><![CDATA[]]></system-err>
</testsuite>
