<?xml version="1.0" encoding="UTF-8"?>
<testsuite name="br.com.lcano.centraldecontrole.service.DespesaParcelaServiceTest" tests="7" skipped="0" failures="0" errors="0" timestamp="2024-05-19T18:38:43" hostname="canolab" time="0.08">
  <properties/>
  <testcase name="testAtualizarParcelas()" classname="br.com.lcano.centraldecontrole.service.DespesaParcelaServiceTest" time="0.006"/>
  <testcase name="testCalcularValorTotalParcelasMensal()" classname="br.com.lcano.centraldecontrole.service.DespesaParcelaServiceTest" time="0.009"/>
  <testcase name="testEditarParcela()" classname="br.com.lcano.centraldecontrole.service.DespesaParcelaServiceTest" time="0.026"/>
  <testcase name="testCriarParcelas()" classname="br.com.lcano.centraldecontrole.service.DespesaParcelaServiceTest" time="0.008"/>
  <testcase name="testListarParcelasPorVencimento()" classname="br.com.lcano.centraldecontrole.service.DespesaParcelaServiceTest" time="0.005"/>
  <testcase name="testSalvarParcelas()" classname="br.com.lcano.centraldecontrole.service.DespesaParcelaServiceTest" time="0.004"/>
  <testcase name="testCriarParcela()" classname="br.com.lcano.centraldecontrole.service.DespesaParcelaServiceTest" time="0.005"/>
  <system-out><![CDATA[2024-05-19T15:38:43.828-03:00  INFO 10120 --- [    Test worker] t.c.s.AnnotationConfigContextLoaderUtils : Could not detect default configuration classes for test class [br.com.lcano.centraldecontrole.service.DespesaParcelaServiceTest]: DespesaParcelaServiceTest does not declare any static, non-private, non-final, nested classes annotated with @Configuration.
2024-05-19T15:38:43.830-03:00  INFO 10120 --- [    Test worker] .b.t.c.SpringBootTestContextBootstrapper : Found @SpringBootConfiguration br.com.lcano.centraldecontrole.CentralDeControleApplication for test class br.com.lcano.centraldecontrole.service.DespesaParcelaServiceTest
]]></system-out>
  <system-err><![CDATA[]]></system-err>
</testsuite>
