<?xml version="1.0" encoding="UTF-8"?>
<testsuite name="br.com.lcano.centraldecontrole.dto.DespesaParcelaDTOTest" tests="2" skipped="0" failures="0" errors="0" timestamp="2024-05-19T18:38:42" hostname="canolab" time="0.003">
  <properties/>
  <testcase name="testConverterParaDTO()" classname="br.com.lcano.centraldecontrole.dto.DespesaParcelaDTOTest" time="0.0"/>
  <testcase name="testConverterListaParaDTO()" classname="br.com.lcano.centraldecontrole.dto.DespesaParcelaDTOTest" time="0.002"/>
  <system-out><![CDATA[]]></system-out>
  <system-err><![CDATA[]]></system-err>
</testsuite>
